SELECT jid from jdata where jid Like '%M,%20160101%' FOR UPDATE
UPDATE jdata SET sqlid = 'TNDM20160101000' where jid = 'TNDM,104,交簡,5258,20160101,2'
SELECT jid from jdata where jid Like '%M,%20160102%' FOR UPDATE
UPDATE jdata SET sqlid = 'TCDM20160102000' where jid = 'TCDM,105,提,1,20160102,1'
SELECT jid from jdata where jid Like '%M,%20160103%' FOR UPDATE
UPDATE jdata SET sqlid = 'TPHM20160103000' where jid = 'TPHM,105,原上易,63,20160103,1'
UPDATE jdata SET sqlid = 'TYDM20160103000' where jid = 'TYDM,103,訴,921,20160103,1'
SELECT jid from jdata where jid Like '%M,%20160104%' FOR UPDATE
UPDATE jdata SET sqlid = 'PCDM20160104000' where jid = 'PCDM,105,交簡,6,20160104,1'
UPDATE jdata SET sqlid = 'SLDM20160104000' where jid = 'SLDM,104,聲,1953,20160104,1'
UPDATE jdata SET sqlid = 'KLDM20160104000' where jid = 'KLDM,104,基交簡,1168,20160104,1'
UPDATE jdata SET sqlid = 'SLDM20160104001' where jid = 'SLDM,104,審交易,616,20160104,1'
UPDATE jdata SET sqlid = 'PTDM20160104000' where jid = 'PTDM,104,簡,1620,20160104,1'
UPDATE jdata SET sqlid = 'PTDM20160104001' where jid = 'PTDM,104,簡,1705,20160104,1'
UPDATE jdata SET sqlid = 'SCDM20160104000' where jid = 'SCDM,104,竹交簡,646,20160104,1'
UPDATE jdata SET sqlid = 'TNDM20160104000' where jid = 'TNDM,104,審易,1385,20160104,1'
UPDATE jdata SET sqlid = 'TTDM20160104000' where jid = 'TTDM,104,聲,606,20160104,1'
UPDATE jdata SET sqlid = 'KSDM20160104000' where jid = 'KSDM,104,簡,5468,20160104,1'
UPDATE jdata SET sqlid = 'KSDM20160104001' where jid = 'KSDM,104,簡,5491,20160104,1'
UPDATE jdata SET sqlid = 'KSHM20160104000' where jid = 'KSHM,104,聲再,145,20160104,1'
UPDATE jdata SET sqlid = 'KSDM20160104002' where jid = 'KSDM,105,審易,5,20160104,1'
UPDATE jdata SET sqlid = 'PCDM20160104001' where jid = 'PCDM,104,簡,6715,20160104,1'
UPDATE jdata SET sqlid = 'PTDM20160104002' where jid = 'PTDM,104,審訴緝,12,20160104,1'
UPDATE jdata SET sqlid = 'SLDM20160104002' where jid = 'SLDM,104,聲判,57,20160104,1'
UPDATE jdata SET sqlid = 'PCDM20160104002' where jid = 'PCDM,104,易,1640,20160104,1'
UPDATE jdata SET sqlid = 'PTDM20160104003' where jid = 'PTDM,104,審易,874,20160104,1'
UPDATE jdata SET sqlid = 'TCDM20160104000' where jid = 'TCDM,104,審交簡,1734,20160104,1'
UPDATE jdata SET sqlid = 'TPHM20160104000' where jid = 'TPHM,104,抗,1361,20160104,1'
UPDATE jdata SET sqlid = 'TPDM20160104000' where jid = 'TPDM,104,審交易,987,20160104,1'
UPDATE jdata SET sqlid = 'TCDM20160104001' where jid = 'TCDM,104,聲,4819,20160104,1'
UPDATE jdata SET sqlid = 'TCDM20160104002' where jid = 'TCDM,104,中交簡,4139,20160104,1'
UPDATE jdata SET sqlid = 'TCDM20160104003' where jid = 'TCDM,104,審簡,1400,20160104,1'
UPDATE jdata SET sqlid = 'TCDM20160104004' where jid = 'TCDM,104,中交簡,4142,20160104,1'
UPDATE jdata SET sqlid = 'PCDM20160104003' where jid = 'PCDM,104,聲,5537,20160104,1'
UPDATE jdata SET sqlid = 'KSDM20160104003' where jid = 'KSDM,104,交簡,6974,20160104,1'
UPDATE jdata SET sqlid = 'SLDM20160104003' where jid = 'SLDM,104,審簡,1306,20160104,1'
UPDATE jdata SET sqlid = 'CHDM20160104000' where jid = 'CHDM,104,簡,1540,20160104,1'
UPDATE jdata SET sqlid = 'PCDM20160104004' where jid = 'PCDM,104,聲,5785,20160104,1'
UPDATE jdata SET sqlid = 'SCDM20160104001' where jid = 'SCDM,104,審交簡,706,20160104,1'
UPDATE jdata SET sqlid = 'TCDM20160104005' where jid = 'TCDM,104,重訴,403,20160104,6'
UPDATE jdata SET sqlid = 'SCDM20160104002' where jid = 'SCDM,104,竹簡,297,20160104,1'
UPDATE jdata SET sqlid = 'PCDM20160104005' where jid = 'PCDM,104,聲,5373,20160104,1'
UPDATE jdata SET sqlid = 'PCDM20160104006' where jid = 'PCDM,104,聲,5434,20160104,1'
UPDATE jdata SET sqlid = 'TYDM20160104000' where jid = 'TYDM,105,審刑全,1,20160104,1'
UPDATE jdata SET sqlid = 'SCDM20160104003' where jid = 'SCDM,104,審交簡,713,20160104,1'
UPDATE jdata SET sqlid = 'PCDM20160104007' where jid = 'PCDM,104,聲,5477,20160104,1'
UPDATE jdata SET sqlid = 'KSDM20160104004' where jid = 'KSDM,104,聲,5679,20160104,1'
UPDATE jdata SET sqlid = 'SLDM20160104004' where jid = 'SLDM,104,審交簡,254,20160104,1'
UPDATE jdata SET sqlid = 'PTDM20160104004' where jid = 'PTDM,104,審交易,173,20160104,1'
UPDATE jdata SET sqlid = 'PCDM20160104008' where jid = 'PCDM,104,聲,5338,20160104,1'
UPDATE jdata SET sqlid = 'TPHM20160104001' where jid = 'TPHM,104,上易,2342,20160104,1'
UPDATE jdata SET sqlid = 'KSDM20160104005' where jid = 'KSDM,104,簡,5127,20160104,1'
UPDATE jdata SET sqlid = 'TCDM20160104006' where jid = 'TCDM,104,訴,965,20160104,1'
UPDATE jdata SET sqlid = 'CHDM20160104001' where jid = 'CHDM,105,簡,2,20160104,1'
UPDATE jdata SET sqlid = 'TCDM20160104007' where jid = 'TCDM,104,重訴,403,20160104,5'
UPDATE jdata SET sqlid = 'TPDM20160104001' where jid = 'TPDM,104,交易,129,20160104,1'
UPDATE jdata SET sqlid = 'KSDM20160104006' where jid = 'KSDM,104,簡,4755,20160104,1'
UPDATE jdata SET sqlid = 'SCDM20160104004' where jid = 'SCDM,104,審交簡,703,20160104,1'
UPDATE jdata SET sqlid = 'ILDM20160104000' where jid = 'ILDM,104,簡,845,20160104,1'
UPDATE jdata SET sqlid = 'SCDM20160104005' where jid = 'SCDM,104,審原交簡,83,20160104,1'
UPDATE jdata SET sqlid = 'TNDM20160104001' where jid = 'TNDM,104,聲,2400,20160104,1'
UPDATE jdata SET sqlid = 'SCDM20160104006' where jid = 'SCDM,104,審交簡,705,20160104,1'
UPDATE jdata SET sqlid = 'TCDM20160104008' where jid = 'TCDM,104,聲,4896,20160104,1'
UPDATE jdata SET sqlid = 'ILDM20160104001' where jid = 'ILDM,104,選訴,13,20160104,1'
UPDATE jdata SET sqlid = 'KLDM20160104001' where jid = 'KLDM,104,基簡,1670,20160104,1'
UPDATE jdata SET sqlid = 'KLDM20160104002' where jid = 'KLDM,104,基簡,1687,20160104,1'
UPDATE jdata SET sqlid = 'TNDM20160104002' where jid = 'TNDM,104,聲,2359,20160104,1'
UPDATE jdata SET sqlid = 'SLDM20160104005' where jid = 'SLDM,104,審簡,1255,20160104,1'
UPDATE jdata SET sqlid = 'PCDM20160104009' where jid = 'PCDM,104,交簡,5681,20160104,1'
UPDATE jdata SET sqlid = 'PTDM20160104005' where jid = 'PTDM,104,審交易,381,20160104,1'
UPDATE jdata SET sqlid = 'KSDM20160104007' where jid = 'KSDM,104,簡,5353,20160104,1'
UPDATE jdata SET sqlid = 'TNDM20160104003' where jid = 'TNDM,105,交簡,6,20160104,1'
UPDATE jdata SET sqlid = 'PCDM20160104010' where jid = 'PCDM,104,簡,6280,20160104,1'
UPDATE jdata SET sqlid = 'TPDM20160104002' where jid = 'TPDM,104,審交易,1064,20160104,1'
UPDATE jdata SET sqlid = 'SCDM20160104007' where jid = 'SCDM,104,審簡,509,20160104,1'
UPDATE jdata SET sqlid = 'SCDM20160104008' where jid = 'SCDM,104,審簡,487,20160104,1'
UPDATE jdata SET sqlid = 'KSDM20160104008' where jid = 'KSDM,104,交簡,7074,20160104,1'
UPDATE jdata SET sqlid = 'KLDM20160104003' where jid = 'KLDM,104,基簡,1704,20160104,1'
UPDATE jdata SET sqlid = 'KLDM20160104004' where jid = 'KLDM,104,基簡,1711,20160104,1'
UPDATE jdata SET sqlid = 'TCDM20160104009' where jid = 'TCDM,104,中交簡,3534,20160104,1'
UPDATE jdata SET sqlid = 'TPHM20160104002' where jid = 'TPHM,104,聲,4171,20160104,1'
UPDATE jdata SET sqlid = 'KSDM20160104009' where jid = 'KSDM,104,交簡,4668,20160104,1'
UPDATE jdata SET sqlid = 'TCDM20160104010' where jid = 'TCDM,104,審交簡,1605,20160104,1'
UPDATE jdata SET sqlid = 'TCDM20160104011' where jid = 'TCDM,104,審交簡,1613,20160104,1'
UPDATE jdata SET sqlid = 'PCDM20160104011' where jid = 'PCDM,104,聲,5813,20160104,1'
UPDATE jdata SET sqlid = 'PCDM20160104012' where jid = 'PCDM,104,簡,5778,20160104,1'
UPDATE jdata SET sqlid = 'TPHM20160104003' where jid = 'TPHM,104,上訴,3163,20160104,1'
UPDATE jdata SET sqlid = 'TPHM20160104004' where jid = 'TPHM,104,上訴,3219,20160104,1'
UPDATE jdata SET sqlid = 'PCDM20160104013' where jid = 'PCDM,104,交簡,5688,20160104,1'
UPDATE jdata SET sqlid = 'SLDM20160104006' where jid = 'SLDM,104,審易,2586,20160104,1'
UPDATE jdata SET sqlid = 'SLDM20160104007' where jid = 'SLDM,104,審交易,717,20160104,1'
UPDATE jdata SET sqlid = 'ULDM20160104000' where jid = 'ULDM,104,聲,1113,20160104,1'
UPDATE jdata SET sqlid = 'KSDM20160104010' where jid = 'KSDM,104,聲,4414,20160104,1'
UPDATE jdata SET sqlid = 'TYDM20160104001' where jid = 'TYDM,104,聲判,74,20160104,1'
UPDATE jdata SET sqlid = 'TYDM20160104002' where jid = 'TYDM,104,軍毒聲,2,20160104,1'
UPDATE jdata SET sqlid = 'TPDM20160104003' where jid = 'TPDM,104,聲,3659,20160104,1'
UPDATE jdata SET sqlid = 'TPDM20160104004' where jid = 'TPDM,104,訴,419,20160104,1'
UPDATE jdata SET sqlid = 'MLDM20160104000' where jid = 'MLDM,104,苗簡,1272,20160104,1'
UPDATE jdata SET sqlid = 'SLDM20160104008' where jid = 'SLDM,104,聲,2050,20160104,1'
UPDATE jdata SET sqlid = 'TYDM20160104003' where jid = 'TYDM,104,簡,314,20160104,1'
UPDATE jdata SET sqlid = 'TNDM20160104004' where jid = 'TNDM,104,簡,2912,20160104,1'
UPDATE jdata SET sqlid = 'PTDM20160104006' where jid = 'PTDM,104,審交訴,97,20160104,2'
UPDATE jdata SET sqlid = 'PTDM20160104007' where jid = 'PTDM,104,審易,894,20160104,1'
UPDATE jdata SET sqlid = 'PCDM20160104014' where jid = 'PCDM,104,聲,5820,20160104,1'
UPDATE jdata SET sqlid = 'TYDM20160104004' where jid = 'TYDM,104,桃簡,2135,20160104,1'
UPDATE jdata SET sqlid = 'TPDM20160104005' where jid = 'TPDM,104,審交簡,606,20160104,1'
UPDATE jdata SET sqlid = 'SCDM20160104009' where jid = 'SCDM,104,審交簡,671,20160104,1'
UPDATE jdata SET sqlid = 'PCDM20160104015' where jid = 'PCDM,104,交簡,5615,20160104,1'
UPDATE jdata SET sqlid = 'TYDM20160104005' where jid = 'TYDM,104,聲,4829,20160104,1'
UPDATE jdata SET sqlid = 'TNDM20160104005' where jid = 'TNDM,105,交簡,12,20160104,1'
UPDATE jdata SET sqlid = 'PCDM20160104016' where jid = 'PCDM,104,簡,6746,20160104,1'
UPDATE jdata SET sqlid = 'MLDM20160104001' where jid = 'MLDM,104,苗交簡,1595,20160104,1'
UPDATE jdata SET sqlid = 'TPDM20160104006' where jid = 'TPDM,104,審易,2731,20160104,1'
UPDATE jdata SET sqlid = 'PCDM20160104017' where jid = 'PCDM,104,簡,6929,20160104,1'
UPDATE jdata SET sqlid = 'TCDM20160104012' where jid = 'TCDM,104,中簡,2078,20160104,1'
UPDATE jdata SET sqlid = 'KSDM20160104011' where jid = 'KSDM,104,簡,3214,20160104,1'
UPDATE jdata SET sqlid = 'PTDM20160104008' where jid = 'PTDM,104,審訴,558,20160104,2'
UPDATE jdata SET sqlid = 'PTDM20160104009' where jid = 'PTDM,104,審訴,567,20160104,2'
UPDATE jdata SET sqlid = 'SCDM20160104010' where jid = 'SCDM,104,審交簡,709,20160104,1'
UPDATE jdata SET sqlid = 'PTDM20160104010' where jid = 'PTDM,104,審易,902,20160104,1'
UPDATE jdata SET sqlid = 'SCDM20160104011' where jid = 'SCDM,104,審交簡,710,20160104,1'
UPDATE jdata SET sqlid = 'KSDM20160104012' where jid = 'KSDM,104,智簡,114,20160104,1'
UPDATE jdata SET sqlid = 'SLDM20160104009' where jid = 'SLDM,104,審交簡,247,20160104,1'
UPDATE jdata SET sqlid = 'SCDM20160104012' where jid = 'SCDM,104,審交易,559,20160104,1'
UPDATE jdata SET sqlid = 'KSDM20160104013' where jid = 'KSDM,104,聲,5646,20160104,1'
UPDATE jdata SET sqlid = 'TPDM20160104007' where jid = 'TPDM,104,聲,3704,20160104,1'
UPDATE jdata SET sqlid = 'TPHM20160104005' where jid = 'TPHM,104,抗,1345,20160104,1'
UPDATE jdata SET sqlid = 'SCDM20160104013' where jid = 'SCDM,104,審交簡,700,20160104,1'
UPDATE jdata SET sqlid = 'KSDM20160104014' where jid = 'KSDM,104,簡,5268,20160104,1'
UPDATE jdata SET sqlid = 'TYDM20160104006' where jid = 'TYDM,104,審交易,854,20160104,1'
UPDATE jdata SET sqlid = 'KSDM20160104015' where jid = 'KSDM,104,交簡,7056,20160104,1'
UPDATE jdata SET sqlid = 'TCDM20160104013' where jid = 'TCDM,104,審簡,1446,20160104,1'
UPDATE jdata SET sqlid = 'TPDM20160104008' where jid = 'TPDM,104,聲,3609,20160104,1'
UPDATE jdata SET sqlid = 'KSDM20160104016' where jid = 'KSDM,104,交簡,7010,20160104,1'
UPDATE jdata SET sqlid = 'CYDM20160104000' where jid = 'CYDM,105,嘉簡,32,20160104,1'
UPDATE jdata SET sqlid = 'SLDM20160104010' where jid = 'SLDM,104,聲,2049,20160104,1'
UPDATE jdata SET sqlid = 'KSDM20160104017' where jid = 'KSDM,104,交簡,7014,20160104,1'
UPDATE jdata SET sqlid = 'PCDM20160104018' where jid = 'PCDM,104,審簡,1942,20160104,1'
UPDATE jdata SET sqlid = 'TCDM20160104014' where jid = 'TCDM,104,聲,4777,20160104,1'
UPDATE jdata SET sqlid = 'KSDM20160104018' where jid = 'KSDM,104,交簡,7047,20160104,1'
UPDATE jdata SET sqlid = 'PCDM20160104019' where jid = 'PCDM,105,聲,24,20160104,1'
UPDATE jdata SET sqlid = 'TCDM20160104015' where jid = 'TCDM,104,審交簡,1747,20160104,1'
UPDATE jdata SET sqlid = 'PCDM20160104020' where jid = 'PCDM,104,簡,6944,20160104,1'
UPDATE jdata SET sqlid = 'SLDM20160104011' where jid = 'SLDM,104,聲,2132,20160104,1'
UPDATE jdata SET sqlid = 'KSDM20160104019' where jid = 'KSDM,104,交簡,7017,20160104,1'
UPDATE jdata SET sqlid = 'SCDM20160104014' where jid = 'SCDM,104,審易,814,20160104,1'
UPDATE jdata SET sqlid = 'PTDM20160104011' where jid = 'PTDM,104,審交易,153,20160104,1'
UPDATE jdata SET sqlid = 'TNHM20160104000' where jid = 'TNHM,104,上訴,1051,20160104,1'
UPDATE jdata SET sqlid = 'TCDM20160104016' where jid = 'TCDM,104,審簡,1485,20160104,1'
UPDATE jdata SET sqlid = 'TYDM20160104007' where jid = 'TYDM,105,聲,18,20160104,1'
UPDATE jdata SET sqlid = 'SLDM20160104012' where jid = 'SLDM,104,審交易,187,20160104,2'
UPDATE jdata SET sqlid = 'PCDM20160104021' where jid = 'PCDM,105,聲,8,20160104,1'
UPDATE jdata SET sqlid = 'KSDM20160104020' where jid = 'KSDM,104,交簡,7073,20160104,1'
UPDATE jdata SET sqlid = 'CHDM20160104002' where jid = 'CHDM,104,聲,1949,20160104,1'
UPDATE jdata SET sqlid = 'SLDM20160104013' where jid = 'SLDM,104,審交易,772,20160104,1'
UPDATE jdata SET sqlid = 'TNDM20160104006' where jid = 'TNDM,104,簡,2987,20160104,1'
UPDATE jdata SET sqlid = 'SCDM20160104015' where jid = 'SCDM,104,審交簡,698,20160104,1'
UPDATE jdata SET sqlid = 'PCDM20160104022' where jid = 'PCDM,104,交簡,5078,20160104,1'
UPDATE jdata SET sqlid = 'ULDM20160104001' where jid = 'ULDM,104,易,819,20160104,1'
UPDATE jdata SET sqlid = 'TNHM20160104001' where jid = 'TNHM,104,侵聲再,121,20160104,1'
UPDATE jdata SET sqlid = 'TNDM20160104007' where jid = 'TNDM,104,交簡,4831,20160104,1'
UPDATE jdata SET sqlid = 'SLDM20160104014' where jid = 'SLDM,104,審易,2575,20160104,1'
UPDATE jdata SET sqlid = 'PCDM20160104023' where jid = 'PCDM,104,聲,5685,20160104,1'
UPDATE jdata SET sqlid = 'TPHM20160104006' where jid = 'TPHM,104,毒抗,386,20160104,1'
UPDATE jdata SET sqlid = 'SLDM20160104015' where jid = 'SLDM,104,審簡,1328,20160104,1'
UPDATE jdata SET sqlid = 'SCDM20160104016' where jid = 'SCDM,104,審易,745,20160104,3'
UPDATE jdata SET sqlid = 'TCDM20160104017' where jid = 'TCDM,104,易,1171,20160104,1'
UPDATE jdata SET sqlid = 'KSDM20160104021' where jid = 'KSDM,104,聲,5694,20160104,1'
UPDATE jdata SET sqlid = 'TCDM20160104018' where jid = 'TCDM,104,中交簡,4158,20160104,1'
UPDATE jdata SET sqlid = 'KLDM20160104005' where jid = 'KLDM,104,易,721,20160104,1'
UPDATE jdata SET sqlid = 'TNHM20160104002' where jid = 'TNHM,104,上訴,843,20160104,2'
UPDATE jdata SET sqlid = 'TNDM20160104008' where jid = 'TNDM,105,交簡,9,20160104,1'
UPDATE jdata SET sqlid = 'TNHM20160104003' where jid = 'TNHM,104,上易,750,20160104,1'
UPDATE jdata SET sqlid = 'KSDM20160104022' where jid = 'KSDM,104,簡,5359,20160104,1'
UPDATE jdata SET sqlid = 'KSDM20160104023' where jid = 'KSDM,104,簡,4831,20160104,1'
UPDATE jdata SET sqlid = 'TPDM20160104009' where jid = 'TPDM,104,刑補,21,20160104,2'
UPDATE jdata SET sqlid = 'SLDM20160104016' where jid = 'SLDM,104,審交易,798,20160104,1'
UPDATE jdata SET sqlid = 'SCDM20160104017' where jid = 'SCDM,104,審交簡,701,20160104,1'
UPDATE jdata SET sqlid = 'KSDM20160104024' where jid = 'KSDM,104,簡,4577,20160104,1'
UPDATE jdata SET sqlid = 'SLDM20160104017' where jid = 'SLDM,104,審易,2577,20160104,1'
UPDATE jdata SET sqlid = 'PCDM20160104024' where jid = 'PCDM,104,簡,6491,20160104,1'
UPDATE jdata SET sqlid = 'SCDM20160104018' where jid = 'SCDM,104,審交簡,699,20160104,1'
UPDATE jdata SET sqlid = 'PCDM20160104025' where jid = 'PCDM,104,交簡,5620,20160104,1'
UPDATE jdata SET sqlid = 'KSDM20160104025' where jid = 'KSDM,104,撤緩,276,20160104,1'
UPDATE jdata SET sqlid = 'KSDM20160104026' where jid = 'KSDM,104,撤緩,298,20160104,1'
UPDATE jdata SET sqlid = 'TPHM20160104007' where jid = 'TPHM,104,聲,4210,20160104,1'
UPDATE jdata SET sqlid = 'SLDM20160104018' where jid = 'SLDM,104,審易,2572,20160104,1'
UPDATE jdata SET sqlid = 'SCDM20160104019' where jid = 'SCDM,104,審簡,481,20160104,1'
UPDATE jdata SET sqlid = 'SCDM20160104020' where jid = 'SCDM,104,審交簡,695,20160104,1'
UPDATE jdata SET sqlid = 'ULDM20160104002' where jid = 'ULDM,104,訴,670,20160104,1'
UPDATE jdata SET sqlid = 'KLDM20160104006' where jid = 'KLDM,105,基交簡,12,20160104,1'
UPDATE jdata SET sqlid = 'SLDM20160104019' where jid = 'SLDM,104,審交易,668,20160104,1'
UPDATE jdata SET sqlid = 'NTDM20160104000' where jid = 'NTDM,104,訴,167,20160104,4'
UPDATE jdata SET sqlid = 'SLDM20160104020' where jid = 'SLDM,104,聲,2035,20160104,1'
UPDATE jdata SET sqlid = 'TNDM20160104009' where jid = 'TNDM,104,交簡,5514,20160104,1'
UPDATE jdata SET sqlid = 'TCDM20160104019' where jid = 'TCDM,104,審易,3404,20160104,1'
UPDATE jdata SET sqlid = 'KSDM20160104027' where jid = 'KSDM,104,交簡,7063,20160104,1'
UPDATE jdata SET sqlid = 'TNDM20160104010' where jid = 'TNDM,104,審交易,836,20160104,1'
UPDATE jdata SET sqlid = 'PTDM20160104012' where jid = 'PTDM,104,審易,725,20160104,1'
UPDATE jdata SET sqlid = 'SCDM20160104021' where jid = 'SCDM,104,審原交簡,84,20160104,1'
UPDATE jdata SET sqlid = 'TPHM20160104008' where jid = 'TPHM,104,聲,4303,20160104,1'
UPDATE jdata SET sqlid = 'TNDM20160104011' where jid = 'TNDM,104,審訴,825,20160104,1'
UPDATE jdata SET sqlid = 'CHDM20160104003' where jid = 'CHDM,104,簡,729,20160104,2'
UPDATE jdata SET sqlid = 'KSDM20160104028' where jid = 'KSDM,104,簡,5350,20160104,1'
UPDATE jdata SET sqlid = 'TYDM20160104008' where jid = 'TYDM,104,聲,4939,20160104,1'
UPDATE jdata SET sqlid = 'KSDM20160104029' where jid = 'KSDM,104,簡,5390,20160104,1'
UPDATE jdata SET sqlid = 'PCDM20160104026' where jid = 'PCDM,104,審訴,1866,20160104,1'
UPDATE jdata SET sqlid = 'KSDM20160104030' where jid = 'KSDM,104,交簡,7057,20160104,1'
UPDATE jdata SET sqlid = 'TCDM20160104020' where jid = 'TCDM,104,審交簡,1670,20160104,1'
UPDATE jdata SET sqlid = 'PTDM20160104013' where jid = 'PTDM,104,審訴,593,20160104,2'
UPDATE jdata SET sqlid = 'TYDM20160104009' where jid = 'TYDM,104,聲,4759,20160104,1'
UPDATE jdata SET sqlid = 'SCDM20160104022' where jid = 'SCDM,104,審交簡,697,20160104,1'
UPDATE jdata SET sqlid = 'KSDM20160104031' where jid = 'KSDM,104,審交易,1541,20160104,1'
UPDATE jdata SET sqlid = 'SLDM20160104021' where jid = 'SLDM,104,審交簡,253,20160104,1'
UPDATE jdata SET sqlid = 'TPDM20160104010' where jid = 'TPDM,104,簡,3156,20160104,1'
UPDATE jdata SET sqlid = 'SLDM20160104022' where jid = 'SLDM,104,簡,189,20160104,1'
UPDATE jdata SET sqlid = 'SLDM20160104023' where jid = 'SLDM,104,審簡,1297,20160104,1'
UPDATE jdata SET sqlid = 'TNDM20160104012' where jid = 'TNDM,104,交簡,5526,20160104,1'
UPDATE jdata SET sqlid = 'TNDM20160104013' where jid = 'TNDM,104,審交訴,182,20160104,1'
UPDATE jdata SET sqlid = 'SCDM20160104023' where jid = 'SCDM,104,審交簡,620,20160104,1'
UPDATE jdata SET sqlid = 'TNDM20160104014' where jid = 'TNDM,105,交簡,3,20160104,1'
UPDATE jdata SET sqlid = 'PTDM20160104014' where jid = 'PTDM,104,審交易,254,20160104,1'
UPDATE jdata SET sqlid = 'TYDM20160104010' where jid = 'TYDM,104,壢簡,1088,20160104,1'
UPDATE jdata SET sqlid = 'TCDM20160104021' where jid = 'TCDM,104,審簡,1469,20160104,1'
UPDATE jdata SET sqlid = 'TPDM20160104011' where jid = 'TPDM,104,易,610,20160104,1'
UPDATE jdata SET sqlid = 'KSDM20160104032' where jid = 'KSDM,104,易,489,20160104,1'
UPDATE jdata SET sqlid = 'TPDM20160104012' where jid = 'TPDM,104,刑補,15,20160104,1'
UPDATE jdata SET sqlid = 'SLDM20160104024' where jid = 'SLDM,104,審簡,1280,20160104,1'
UPDATE jdata SET sqlid = 'SCDM20160104024' where jid = 'SCDM,104,審交簡,707,20160104,1'
UPDATE jdata SET sqlid = 'SCDM20160104025' where jid = 'SCDM,104,審交簡,693,20160104,1'
UPDATE jdata SET sqlid = 'TYDM20160104011' where jid = 'TYDM,104,易,1094,20160104,1'
UPDATE jdata SET sqlid = 'PTDM20160104015' where jid = 'PTDM,104,訴,86,20160104,2'
UPDATE jdata SET sqlid = 'ILDM20160104002' where jid = 'ILDM,104,簡,779,20160104,1'
UPDATE jdata SET sqlid = 'PCDM20160104027' where jid = 'PCDM,104,審交簡,700,20160104,1'
UPDATE jdata SET sqlid = 'SLDM20160104025' where jid = 'SLDM,104,聲,2017,20160104,1'
UPDATE jdata SET sqlid = 'KSDM20160104033' where jid = 'KSDM,104,聲,4840,20160104,1'
UPDATE jdata SET sqlid = 'TNDM20160104015' where jid = 'TNDM,104,交簡,5480,20160104,1'
UPDATE jdata SET sqlid = 'PCDM20160104028' where jid = 'PCDM,104,簡,6736,20160104,1'
UPDATE jdata SET sqlid = 'SCDM20160104026' where jid = 'SCDM,104,聲再,13,20160104,1'
UPDATE jdata SET sqlid = 'PCDM20160104029' where jid = 'PCDM,104,簡,6918,20160104,1'
UPDATE jdata SET sqlid = 'TNDM20160104016' where jid = 'TNDM,104,交簡,5541,20160104,1'
UPDATE jdata SET sqlid = 'TYDM20160104012' where jid = 'TYDM,104,桃簡,1980,20160104,1'
UPDATE jdata SET sqlid = 'KSDM20160104034' where jid = 'KSDM,104,交簡,7187,20160104,1'
UPDATE jdata SET sqlid = 'KSDM20160104035' where jid = 'KSDM,104,交簡,7192,20160104,1'
UPDATE jdata SET sqlid = 'KSDM20160104036' where jid = 'KSDM,104,侵訴,61,20160104,3'
UPDATE jdata SET sqlid = 'SCDM20160104027' where jid = 'SCDM,104,審易,745,20160104,2'
UPDATE jdata SET sqlid = 'PCDM20160104030' where jid = 'PCDM,104,簡,6676,20160104,1'
UPDATE jdata SET sqlid = 'SCDM20160104028' where jid = 'SCDM,104,審交簡,702,20160104,1'
UPDATE jdata SET sqlid = 'PCDM20160104031' where jid = 'PCDM,104,交簡,5695,20160104,1'
UPDATE jdata SET sqlid = 'SLDM20160104026' where jid = 'SLDM,104,審簡,1276,20160104,1'
UPDATE jdata SET sqlid = 'SLDM20160104027' where jid = 'SLDM,104,聲,2175,20160104,1'
UPDATE jdata SET sqlid = 'TCDM20160104022' where jid = 'TCDM,104,中簡,2283,20160104,1'
UPDATE jdata SET sqlid = 'TCDM20160104023' where jid = 'TCDM,104,審簡,1197,20160104,1'
UPDATE jdata SET sqlid = 'ULDM20160104003' where jid = 'ULDM,104,訴,656,20160104,1'
UPDATE jdata SET sqlid = 'TNDM20160104017' where jid = 'TNDM,104,易,687,20160104,1'
UPDATE jdata SET sqlid = 'TYDM20160104013' where jid = 'TYDM,104,桃簡,2146,20160104,2'
UPDATE jdata SET sqlid = 'TYDM20160104014' where jid = 'TYDM,104,易,1091,20160104,1'
UPDATE jdata SET sqlid = 'KSDM20160104037' where jid = 'KSDM,104,聲,5303,20160104,1'
UPDATE jdata SET sqlid = 'SDEM20160104000' where jid = 'SDEM,105,沙交簡,31,20160104,1'
UPDATE jdata SET sqlid = 'SLDM20160104028' where jid = 'SLDM,104,審附民,487,20160104,1'
UPDATE jdata SET sqlid = 'SLDM20160104029' where jid = 'SLDM,104,聲,2025,20160104,1'
UPDATE jdata SET sqlid = 'SLDM20160104030' where jid = 'SLDM,105,聲,8,20160104,1'
UPDATE jdata SET sqlid = 'PTDM20160104016' where jid = 'PTDM,104,簡,1704,20160104,1'
UPDATE jdata SET sqlid = 'PCDM20160104032' where jid = 'PCDM,105,審交附民移調,3,20160104,1'
UPDATE jdata SET sqlid = 'PCDM20160104033' where jid = 'PCDM,104,訴,759,20160104,5'
UPDATE jdata SET sqlid = 'TYDM20160104015' where jid = 'TYDM,104,附民,558,20160104,1'
UPDATE jdata SET sqlid = 'TCDM20160104024' where jid = 'TCDM,104,審附民,251,20160104,1'
UPDATE jdata SET sqlid = 'TCDM20160104025' where jid = 'TCDM,104,審簡附民,53,20160104,1'
UPDATE jdata SET sqlid = 'TPDM20160104013' where jid = 'TPDM,104,聲,3702,20160104,1'
UPDATE jdata SET sqlid = 'SCDM20160104029' where jid = 'SCDM,104,審交簡,694,20160104,1'
UPDATE jdata SET sqlid = 'PCDM20160104034' where jid = 'PCDM,104,審簡,2329,20160104,1'
UPDATE jdata SET sqlid = 'PCDM20160104035' where jid = 'PCDM,104,審簡,1570,20160104,1'
UPDATE jdata SET sqlid = 'TYDM20160104016' where jid = 'TYDM,104,易,1289,20160104,1'
UPDATE jdata SET sqlid = 'KSDM20160104038' where jid = 'KSDM,104,簡,5499,20160104,1'
UPDATE jdata SET sqlid = 'KSDM20160104039' where jid = 'KSDM,104,簡,5241,20160104,1'
UPDATE jdata SET sqlid = 'KSHM20160104001' where jid = 'KSHM,104,抗,285,20160104,1'
UPDATE jdata SET sqlid = 'PCDM20160104036' where jid = 'PCDM,104,審易,4345,20160104,1'
UPDATE jdata SET sqlid = 'SCDM20160104030' where jid = 'SCDM,104,審醫訴,2,20160104,1'
UPDATE jdata SET sqlid = 'PCDM20160104037' where jid = 'PCDM,104,聲,5790,20160104,1'
UPDATE jdata SET sqlid = 'SCDM20160104031' where jid = 'SCDM,104,審原簡,28,20160104,1'
UPDATE jdata SET sqlid = 'KSHM20160104002' where jid = 'KSHM,104,聲再,162,20160104,1'
UPDATE jdata SET sqlid = 'SCDM20160104032' where jid = 'SCDM,104,審簡,506,20160104,1'
UPDATE jdata SET sqlid = 'TCDM20160104026' where jid = 'TCDM,104,審簡,1445,20160104,1'
UPDATE jdata SET sqlid = 'PCDM20160104038' where jid = 'PCDM,105,交簡,3,20160104,1'
UPDATE jdata SET sqlid = 'KSDM20160104040' where jid = 'KSDM,104,交簡,7212,20160104,1'
UPDATE jdata SET sqlid = 'TCDM20160104027' where jid = 'TCDM,104,聲判,145,20160104,1'
UPDATE jdata SET sqlid = 'KSDM20160104041' where jid = 'KSDM,104,簡,4989,20160104,1'
UPDATE jdata SET sqlid = 'SLDM20160104031' where jid = 'SLDM,104,審簡,1248,20160104,1'
UPDATE jdata SET sqlid = 'CHDM20160104004' where jid = 'CHDM,105,訴,1060,20160104,2'
UPDATE jdata SET sqlid = 'TPDM20160104014' where jid = 'TPDM,104,簡,2978,20160104,1'
UPDATE jdata SET sqlid = 'TNDM20160104018' where jid = 'TNDM,104,交簡,5445,20160104,1'
UPDATE jdata SET sqlid = 'TNHM20160104004' where jid = 'TNHM,104,上訴,844,20160104,2'
UPDATE jdata SET sqlid = 'KSDM20160104042' where jid = 'KSDM,104,聲,5011,20160104,1'
UPDATE jdata SET sqlid = 'KSDM20160104043' where jid = 'KSDM,104,交簡,5890,20160104,1'
UPDATE jdata SET sqlid = 'SLDM20160104032' where jid = 'SLDM,104,撤緩,105,20160104,1'
UPDATE jdata SET sqlid = 'PTDM20160104017' where jid = 'PTDM,104,審交易,256,20160104,1'
UPDATE jdata SET sqlid = 'PCDM20160104039' where jid = 'PCDM,104,交簡,5617,20160104,1'
UPDATE jdata SET sqlid = 'TYDM20160104017' where jid = 'TYDM,104,矚易,15,20160104,1'
UPDATE jdata SET sqlid = 'TCHM20160104000' where jid = 'TCHM,104,聲再,164,20160104,1'
UPDATE jdata SET sqlid = 'TCHM20160104001' where jid = 'TCHM,104,聲再,193,20160104,1'
UPDATE jdata SET sqlid = 'MLDM20160104002' where jid = 'MLDM,104,撤緩,57,20160104,1'
UPDATE jdata SET sqlid = 'PTDM20160104018' where jid = 'PTDM,104,審易,548,20160104,1'
UPDATE jdata SET sqlid = 'SLDM20160104033' where jid = 'SLDM,104,審簡,1278,20160104,1'
UPDATE jdata SET sqlid = 'TPHM20160104009' where jid = 'TPHM,104,聲再,568,20160104,1'
UPDATE jdata SET sqlid = 'TNDM20160104019' where jid = 'TNDM,104,審訴,846,20160104,1'
UPDATE jdata SET sqlid = 'SCDM20160104033' where jid = 'SCDM,104,原易,14,20160104,1'
UPDATE jdata SET sqlid = 'KSDM20160104044' where jid = 'KSDM,105,審交易,2,20160104,1'
UPDATE jdata SET sqlid = 'KSHM20160104003' where jid = 'KSHM,104,上易,740,20160104,1'
UPDATE jdata SET sqlid = 'TTDM20160104001' where jid = 'TTDM,104,聲,601,20160104,1'
UPDATE jdata SET sqlid = 'TPHM20160104010' where jid = 'TPHM,104,上訴,3140,20160104,1'
UPDATE jdata SET sqlid = 'KSDM20160104045' where jid = 'KSDM,104,訴,427,20160104,1'
UPDATE jdata SET sqlid = 'KSHM20160104004' where jid = 'KSHM,104,抗,288,20160104,1'
UPDATE jdata SET sqlid = 'FYEM20160104000' where jid = 'FYEM,105,豐交簡,16,20160104,1'
UPDATE jdata SET sqlid = 'FYEM20160104001' where jid = 'FYEM,105,豐交簡,1,20160104,1'
UPDATE jdata SET sqlid = 'FYEM20160104002' where jid = 'FYEM,105,原豐交簡,4,20160104,1'
UPDATE jdata SET sqlid = 'FYEM20160104003' where jid = 'FYEM,105,原豐交簡,6,20160104,1'
UPDATE jdata SET sqlid = 'KSDM20160104046' where jid = 'KSDM,104,簡,5558,20160104,1'
UPDATE jdata SET sqlid = 'SCDM20160104034' where jid = 'SCDM,104,竹簡,638,20160104,2'
UPDATE jdata SET sqlid = 'SLDM20160104034' where jid = 'SLDM,104,審簡,1307,20160104,1'
UPDATE jdata SET sqlid = 'TYDM20160104018' where jid = 'TYDM,104,聲,5261,20160104,1'
UPDATE jdata SET sqlid = 'KLDM20160104007' where jid = 'KLDM,105,基交簡,15,20160104,1'
UPDATE jdata SET sqlid = 'KSDM20160104047' where jid = 'KSDM,104,聲,5073,20160104,1'
UPDATE jdata SET sqlid = 'CYDM20160104001' where jid = 'CYDM,104,原訴,7,20160104,2'
UPDATE jdata SET sqlid = 'KSDM20160104048' where jid = 'KSDM,104,交簡,6989,20160104,1'
UPDATE jdata SET sqlid = 'SCDM20160104035' where jid = 'SCDM,104,審簡,508,20160104,1'
UPDATE jdata SET sqlid = 'PCDM20160104040' where jid = 'PCDM,104,簡,6717,20160104,1'
UPDATE jdata SET sqlid = 'PCDM20160104041' where jid = 'PCDM,104,簡,6741,20160104,1'
UPDATE jdata SET sqlid = 'PCDM20160104042' where jid = 'PCDM,104,原交簡,509,20160104,1'
UPDATE jdata SET sqlid = 'TNDM20160104020' where jid = 'TNDM,104,交簡,5430,20160104,1'
UPDATE jdata SET sqlid = 'KSDM20160104049' where jid = 'KSDM,104,聲,5110,20160104,1'
UPDATE jdata SET sqlid = 'SCDM20160104036' where jid = 'SCDM,104,審簡,488,20160104,1'
UPDATE jdata SET sqlid = 'MLDM20160104003' where jid = 'MLDM,104,苗秩聲,1,20160104,1'
UPDATE jdata SET sqlid = 'PCDM20160104043' where jid = 'PCDM,104,簡,6804,20160104,1'
UPDATE jdata SET sqlid = 'PCDM20160104044' where jid = 'PCDM,104,簡,6830,20160104,1'
UPDATE jdata SET sqlid = 'PCDM20160104045' where jid = 'PCDM,104,聲,4911,20160104,1'
UPDATE jdata SET sqlid = 'TCDM20160104028' where jid = 'TCDM,104,審交簡,1763,20160104,1'
UPDATE jdata SET sqlid = 'TYDM20160104019' where jid = 'TYDM,104,簡抗,13,20160104,1'
UPDATE jdata SET sqlid = 'SDEM20160104001' where jid = 'SDEM,105,沙簡,15,20160104,1'
UPDATE jdata SET sqlid = 'TPDM20160104015' where jid = 'TPDM,105,審簡附民,1,20160104,1'
UPDATE jdata SET sqlid = 'CHDM20160104005' where jid = 'CHDM,104,訴,455,20160104,1'
UPDATE jdata SET sqlid = 'SLDM20160104035' where jid = 'SLDM,104,聲,2178,20160104,1'
UPDATE jdata SET sqlid = 'PCDM20160104046' where jid = 'PCDM,104,聲,5764,20160104,1'
UPDATE jdata SET sqlid = 'SDEM20160104002' where jid = 'SDEM,105,沙交簡,25,20160104,1'
UPDATE jdata SET sqlid = 'SCDM20160104037' where jid = 'SCDM,104,易,454,20160104,1'
UPDATE jdata SET sqlid = 'TYDM20160104020' where jid = 'TYDM,104,桃簡,2069,20160104,1'
UPDATE jdata SET sqlid = 'KSDM20160104050' where jid = 'KSDM,104,附民,257,20160104,1'
UPDATE jdata SET sqlid = 'TYDM20160104021' where jid = 'TYDM,104,聲,5055,20160104,1'
UPDATE jdata SET sqlid = 'SDEM20160104003' where jid = 'SDEM,105,沙交簡,12,20160104,1'
UPDATE jdata SET sqlid = 'SDEM20160104004' where jid = 'SDEM,105,沙交簡,28,20160104,1'
UPDATE jdata SET sqlid = 'SCDM20160104038' where jid = 'SCDM,104,竹簡附民,52,20160104,1'
UPDATE jdata SET sqlid = 'KSDM20160104051' where jid = 'KSDM,104,審交易,1403,20160104,1'
UPDATE jdata SET sqlid = 'SLDM20160104036' where jid = 'SLDM,104,審簡,1275,20160104,1'
UPDATE jdata SET sqlid = 'CHDM20160104006' where jid = 'CHDM,104,易,414,20160104,2'
UPDATE jdata SET sqlid = 'PCDM20160104047' where jid = 'PCDM,104,聲,5838,20160104,1'
UPDATE jdata SET sqlid = 'PCDM20160104048' where jid = 'PCDM,104,聲,5796,20160104,1'
UPDATE jdata SET sqlid = 'TCDM20160104029' where jid = 'TCDM,104,審附民,190,20160104,1'
UPDATE jdata SET sqlid = 'PCDM20160104049' where jid = 'PCDM,105,審附民移調,2,20160104,1'
UPDATE jdata SET sqlid = 'CHDM20160104007' where jid = 'CHDM,105,聲,3,20160104,1'
UPDATE jdata SET sqlid = 'TPDM20160104016' where jid = 'TPDM,103,交易,156,20160104,2'
UPDATE jdata SET sqlid = 'TPDM20160104017' where jid = 'TPDM,104,附民,284,20160104,1'
UPDATE jdata SET sqlid = 'TYDM20160104022' where jid = 'TYDM,104,壢簡,1342,20160104,1'
UPDATE jdata SET sqlid = 'PCDM20160104050' where jid = 'PCDM,104,聲,5068,20160104,1'
UPDATE jdata SET sqlid = 'TYDM20160104023' where jid = 'TYDM,104,矚重訴,12,20160104,1'
UPDATE jdata SET sqlid = 'SCDM20160104039' where jid = 'SCDM,104,審交簡,696,20160104,1'
UPDATE jdata SET sqlid = 'TNDM20160104021' where jid = 'TNDM,104,審附民,115,20160104,1'
UPDATE jdata SET sqlid = 'SCDM20160104040' where jid = 'SCDM,104,竹簡,613,20160104,1'
UPDATE jdata SET sqlid = 'SCDM20160104041' where jid = 'SCDM,104,竹簡,618,20160104,1'
UPDATE jdata SET sqlid = 'TCDM20160104030' where jid = 'TCDM,104,聲,4756,20160104,1'
UPDATE jdata SET sqlid = 'SCDM20160104042' where jid = 'SCDM,104,原易,6,20160104,1'
UPDATE jdata SET sqlid = 'SLDM20160104037' where jid = 'SLDM,104,聲,2014,20160104,1'
UPDATE jdata SET sqlid = 'TYDM20160104024' where jid = 'TYDM,104,審交易,681,20160104,1'
UPDATE jdata SET sqlid = 'KSDM20160104052' where jid = 'KSDM,104,交簡,6988,20160104,1'
UPDATE jdata SET sqlid = 'SCDM20160104043' where jid = 'SCDM,104,審簡,380,20160104,1'
UPDATE jdata SET sqlid = 'TCDM20160104031' where jid = 'TCDM,104,重訴,923,20160104,1'
UPDATE jdata SET sqlid = 'TPDM20160104018' where jid = 'TPDM,104,聲,3686,20160104,1'
UPDATE jdata SET sqlid = 'ULDM20160104004' where jid = 'ULDM,104,附民,248,20160104,1'
UPDATE jdata SET sqlid = 'TNDM20160104022' where jid = 'TNDM,104,聲,2434,20160104,1'
UPDATE jdata SET sqlid = 'HLDM20160104000' where jid = 'HLDM,104,聲,856,20160104,1'
UPDATE jdata SET sqlid = 'KSDM20160104053' where jid = 'KSDM,104,審交易,1177,20160104,1'
UPDATE jdata SET sqlid = 'TPHM20160104011' where jid = 'TPHM,104,上易,2382,20160104,2'
UPDATE jdata SET sqlid = 'KSHM20160104005' where jid = 'KSHM,104,上訴,707,20160104,1'
UPDATE jdata SET sqlid = 'FYEM20160104004' where jid = 'FYEM,105,豐交簡,2,20160104,1'
UPDATE jdata SET sqlid = 'TPHM20160104012' where jid = 'TPHM,104,上易,2614,20160104,1'
UPDATE jdata SET sqlid = 'MLDM20160104004' where jid = 'MLDM,104,原苗簡,53,20160104,1'
UPDATE jdata SET sqlid = 'FYEM20160104005' where jid = 'FYEM,105,豐交簡,43,20160104,1'
UPDATE jdata SET sqlid = 'TPHM20160104013' where jid = 'TPHM,104,上訴,2492,20160104,2'
UPDATE jdata SET sqlid = 'TNDM20160104023' where jid = 'TNDM,104,聲,2450,20160104,1'
UPDATE jdata SET sqlid = 'TNDM20160104024' where jid = 'TNDM,104,交簡,5450,20160104,1'
UPDATE jdata SET sqlid = 'TNDM20160104025' where jid = 'TNDM,104,簡,2929,20160104,1'
UPDATE jdata SET sqlid = 'KSDM20160104054' where jid = 'KSDM,104,審侵訴,67,20160104,1'
UPDATE jdata SET sqlid = 'KSHM20160104006' where jid = 'KSHM,104,聲,1761,20160104,1'
UPDATE jdata SET sqlid = 'MLDM20160104005' where jid = 'MLDM,104,訴,350,20160104,1'
UPDATE jdata SET sqlid = 'KSHM20160104007' where jid = 'KSHM,104,上易,741,20160104,1'
UPDATE jdata SET sqlid = 'KSDM20160104055' where jid = 'KSDM,104,審附民,447,20160104,1'
UPDATE jdata SET sqlid = 'FYEM20160104006' where jid = 'FYEM,105,豐交簡,15,20160104,1'
UPDATE jdata SET sqlid = 'TPHM20160104014' where jid = 'TPHM,104,抗,615,20160104,2'
UPDATE jdata SET sqlid = 'KSDM20160104056' where jid = 'KSDM,104,審交易,1413,20160104,1'
UPDATE jdata SET sqlid = 'TCHM20160104002' where jid = 'TCHM,104,上訴,1432,20160104,1'
UPDATE jdata SET sqlid = 'FYEM20160104007' where jid = 'FYEM,105,豐簡,3,20160104,1'
UPDATE jdata SET sqlid = 'FYEM20160104008' where jid = 'FYEM,105,豐智簡,1,20160104,1'
UPDATE jdata SET sqlid = 'KSDM20160104057' where jid = 'KSDM,104,聲,4857,20160104,1'
UPDATE jdata SET sqlid = 'KSDM20160104058' where jid = 'KSDM,105,審易,4,20160104,1'
UPDATE jdata SET sqlid = 'FYEM20160104009' where jid = 'FYEM,105,豐交簡,9,20160104,1'
UPDATE jdata SET sqlid = 'FYEM20160104010' where jid = 'FYEM,105,豐交簡,18,20160104,1'
UPDATE jdata SET sqlid = 'FYEM20160104011' where jid = 'FYEM,105,豐交簡,8,20160104,1'
UPDATE jdata SET sqlid = 'SCDM20160104044' where jid = 'SCDM,104,審簡,485,20160104,1'
UPDATE jdata SET sqlid = 'KSDM20160104059' where jid = 'KSDM,104,審智訴,24,20160104,1'
UPDATE jdata SET sqlid = 'SDEM20160104005' where jid = 'SDEM,105,沙交簡,13,20160104,1'
UPDATE jdata SET sqlid = 'TPDM20160104019' where jid = 'TPDM,104,簡,2784,20160104,1'
UPDATE jdata SET sqlid = 'SLDM20160104038' where jid = 'SLDM,104,審訴,693,20160104,1'
UPDATE jdata SET sqlid = 'KSDM20160104060' where jid = 'KSDM,104,交簡,7176,20160104,1'
UPDATE jdata SET sqlid = 'MLDM20160104006' where jid = 'MLDM,104,苗簡,1149,20160104,1'
UPDATE jdata SET sqlid = 'TNHM20160104005' where jid = 'TNHM,104,抗,377,20160104,1'
UPDATE jdata SET sqlid = 'SLDM20160104039' where jid = 'SLDM,104,聲,2167,20160104,1'
UPDATE jdata SET sqlid = 'SCDM20160104045' where jid = 'SCDM,104,審簡,448,20160104,1'
UPDATE jdata SET sqlid = 'PCDM20160104051' where jid = 'PCDM,104,交簡,5673,20160104,1'
UPDATE jdata SET sqlid = 'SDEM20160104006' where jid = 'SDEM,105,沙交簡,4,20160104,1'
UPDATE jdata SET sqlid = 'TTDM20160104002' where jid = 'TTDM,104,易,352,20160104,2'
UPDATE jdata SET sqlid = 'TYDM20160104025' where jid = 'TYDM,104,壢簡,1706,20160104,1'
UPDATE jdata SET sqlid = 'TCDM20160104032' where jid = 'TCDM,104,審交簡,1720,20160104,1'
UPDATE jdata SET sqlid = 'CHDM20160104008' where jid = 'CHDM,104,簡,729,20160104,1'
UPDATE jdata SET sqlid = 'KMDM20160104000' where jid = 'KMDM,104,交易,25,20160104,1'
UPDATE jdata SET sqlid = 'CHDM20160104009' where jid = 'CHDM,104,交簡,2448,20160104,1'
UPDATE jdata SET sqlid = 'TNDM20160104026' where jid = 'TNDM,104,審訴,830,20160104,1'
UPDATE jdata SET sqlid = 'PCDM20160104052' where jid = 'PCDM,104,交簡,5614,20160104,1'
UPDATE jdata SET sqlid = 'KSDM20160104061' where jid = 'KSDM,104,簡,4537,20160104,1'
UPDATE jdata SET sqlid = 'KSDM20160104062' where jid = 'KSDM,104,交簡,7201,20160104,1'
UPDATE jdata SET sqlid = 'PCDM20160104053' where jid = 'PCDM,104,交簡,5607,20160104,1'
UPDATE jdata SET sqlid = 'SCDM20160104046' where jid = 'SCDM,104,審簡,447,20160104,1'
UPDATE jdata SET sqlid = 'PTDM20160104019' where jid = 'PTDM,104,審交易,269,20160104,1'
UPDATE jdata SET sqlid = 'NTDM20160104001' where jid = 'NTDM,104,審訴,265,20160104,2'
UPDATE jdata SET sqlid = 'PCDM20160104054' where jid = 'PCDM,104,易,1721,20160104,1'
UPDATE jdata SET sqlid = 'SDEM20160104007' where jid = 'SDEM,105,沙交簡,20,20160104,1'
UPDATE jdata SET sqlid = 'PCDM20160104055' where jid = 'PCDM,104,審交附民,773,20160104,1'
UPDATE jdata SET sqlid = 'TCDM20160104033' where jid = 'TCDM,104,審交簡附民,107,20160104,1'
UPDATE jdata SET sqlid = 'PCDM20160104056' where jid = 'PCDM,103,重訴,30,20160104,1'
UPDATE jdata SET sqlid = 'TYDM20160104026' where jid = 'TYDM,104,壢簡,1825,20160104,1'
UPDATE jdata SET sqlid = 'SDEM20160104008' where jid = 'SDEM,105,沙簡,18,20160104,1'
UPDATE jdata SET sqlid = 'SDEM20160104009' where jid = 'SDEM,105,沙簡,4,20160104,1'
UPDATE jdata SET sqlid = 'TCDM20160104034' where jid = 'TCDM,104,中簡,2288,20160104,1'
UPDATE jdata SET sqlid = 'SDEM20160104010' where jid = 'SDEM,105,沙簡,1,20160104,1'
UPDATE jdata SET sqlid = 'SDEM20160104011' where jid = 'SDEM,105,沙交簡,16,20160104,1'
UPDATE jdata SET sqlid = 'SDEM20160104012' where jid = 'SDEM,105,沙簡,14,20160104,1'
UPDATE jdata SET sqlid = 'SDEM20160104013' where jid = 'SDEM,105,沙簡,10,20160104,1'
UPDATE jdata SET sqlid = 'SDEM20160104014' where jid = 'SDEM,105,沙簡,8,20160104,1'
UPDATE jdata SET sqlid = 'TCDM20160104035' where jid = 'TCDM,104,審交附民,361,20160104,1'
UPDATE jdata SET sqlid = 'SLDM20160104040' where jid = 'SLDM,104,審交易,351,20160104,1'
UPDATE jdata SET sqlid = 'TCDM20160104036' where jid = 'TCDM,104,審交簡附民,108,20160104,1'
UPDATE jdata SET sqlid = 'TPDM20160104020' where jid = 'TPDM,104,審易,2894,20160104,1'
UPDATE jdata SET sqlid = 'ILDM20160104003' where jid = 'ILDM,104,簡附民,42,20160104,1'
UPDATE jdata SET sqlid = 'PHDM20160104000' where jid = 'PHDM,104,簡上,21,20160104,1'
UPDATE jdata SET sqlid = 'TPDM20160104021' where jid = 'TPDM,104,審易緝,87,20160104,1'
UPDATE jdata SET sqlid = 'PCDM20160104057' where jid = 'PCDM,104,聲,5765,20160104,1'
UPDATE jdata SET sqlid = 'TYDM20160104027' where jid = 'TYDM,104,交易,416,20160104,1'
UPDATE jdata SET sqlid = 'TCDM20160104037' where jid = 'TCDM,104,審簡,1100,20160104,2'
UPDATE jdata SET sqlid = 'TCDM20160104038' where jid = 'TCDM,104,審交附民,360,20160104,1'
UPDATE jdata SET sqlid = 'TPDM20160104022' where jid = 'TPDM,104,聲,3682,20160104,1'
UPDATE jdata SET sqlid = 'FYEM20160104012' where jid = 'FYEM,105,豐交簡,14,20160104,1'
UPDATE jdata SET sqlid = 'TNDM20160104027' where jid = 'TNDM,105,交易,2,20160104,1'
UPDATE jdata SET sqlid = 'TNDM20160104028' where jid = 'TNDM,105,交簡,11,20160104,1'
UPDATE jdata SET sqlid = 'KSDM20160104063' where jid = 'KSDM,105,審易,6,20160104,1'
UPDATE jdata SET sqlid = 'KSHM20160104008' where jid = 'KSHM,104,聲,1728,20160104,1'
UPDATE jdata SET sqlid = 'KSDM20160104064' where jid = 'KSDM,104,簡,5095,20160104,1'
UPDATE jdata SET sqlid = 'FYEM20160104013' where jid = 'FYEM,105,豐交簡,24,20160104,1'
UPDATE jdata SET sqlid = 'FYEM20160104014' where jid = 'FYEM,105,豐簡,2,20160104,1'
UPDATE jdata SET sqlid = 'TNDM20160104029' where jid = 'TNDM,104,簡,2697,20160104,2'
UPDATE jdata SET sqlid = 'TPHM20160104015' where jid = 'TPHM,104,抗,1270,20160104,2'
UPDATE jdata SET sqlid = 'FYEM20160104015' where jid = 'FYEM,105,豐交簡,10,20160104,1'
UPDATE jdata SET sqlid = 'FYEM20160104016' where jid = 'FYEM,105,豐交簡,26,20160104,1'
UPDATE jdata SET sqlid = 'FYEM20160104017' where jid = 'FYEM,105,豐交簡,37,20160104,1'
UPDATE jdata SET sqlid = 'FYEM20160104018' where jid = 'FYEM,105,豐交簡,39,20160104,1'
UPDATE jdata SET sqlid = 'SDEM20160104015' where jid = 'SDEM,105,沙交簡,3,20160104,1'
UPDATE jdata SET sqlid = 'SLDM20160104041' where jid = 'SLDM,104,聲,2005,20160104,1'
UPDATE jdata SET sqlid = 'TCDM20160104039' where jid = 'TCDM,105,中交簡,14,20160104,1'
UPDATE jdata SET sqlid = 'TPDM20160104023' where jid = 'TPDM,104,交附民,32,20160104,1'
UPDATE jdata SET sqlid = 'SLDM20160104042' where jid = 'SLDM,104,審交附民,102,20160104,1'
UPDATE jdata SET sqlid = 'FYEM20160104019' where jid = 'FYEM,105,豐交簡,20,20160104,1'
UPDATE jdata SET sqlid = 'SDEM20160104016' where jid = 'SDEM,105,沙交簡,27,20160104,1'
UPDATE jdata SET sqlid = 'SLDM20160104043' where jid = 'SLDM,105,聲再,3,20160104,1'
UPDATE jdata SET sqlid = 'SDEM20160104017' where jid = 'SDEM,105,原沙交簡,2,20160104,1'
UPDATE jdata SET sqlid = 'PTDM20160104020' where jid = 'PTDM,104,審訴,417,20160104,1'
UPDATE jdata SET sqlid = 'TPDM20160104024' where jid = 'TPDM,104,聲,3644,20160104,1'
UPDATE jdata SET sqlid = 'FYEM20160104020' where jid = 'FYEM,105,豐交簡,28,20160104,1'
UPDATE jdata SET sqlid = 'SLDM20160104044' where jid = 'SLDM,104,聲,2171,20160104,1'
UPDATE jdata SET sqlid = 'SLDM20160104045' where jid = 'SLDM,105,聲,13,20160104,1'
UPDATE jdata SET sqlid = 'SCDM20160104047' where jid = 'SCDM,104,審易,745,20160104,1'
UPDATE jdata SET sqlid = 'TNDM20160104030' where jid = 'TNDM,105,簡,2,20160104,1'
UPDATE jdata SET sqlid = 'CYDM20160104002' where jid = 'CYDM,105,毒聲,1,20160104,1'
UPDATE jdata SET sqlid = 'PTDM20160104021' where jid = 'PTDM,104,審訴,328,20160104,1'
UPDATE jdata SET sqlid = 'PTDM20160104022' where jid = 'PTDM,104,聲,1757,20160104,1'
UPDATE jdata SET sqlid = 'SCDM20160104048' where jid = 'SCDM,104,易,502,20160104,1'
UPDATE jdata SET sqlid = 'PCDM20160104058' where jid = 'PCDM,104,訴,974,20160104,2'
UPDATE jdata SET sqlid = 'TYEM20160104000' where jid = 'TYEM,104,桃秩易,24,20160104,1'
UPDATE jdata SET sqlid = 'SDEM20160104018' where jid = 'SDEM,105,原沙交簡,1,20160104,1'
UPDATE jdata SET sqlid = 'SDEM20160104019' where jid = 'SDEM,105,沙交簡,5,20160104,1'
UPDATE jdata SET sqlid = 'SDEM20160104020' where jid = 'SDEM,105,沙交簡,6,20160104,1'
UPDATE jdata SET sqlid = 'SDEM20160104021' where jid = 'SDEM,105,沙秩,1,20160104,1'
UPDATE jdata SET sqlid = 'KLDM20160104008' where jid = 'KLDM,104,交易,65,20160104,2'
UPDATE jdata SET sqlid = 'TCDM20160104040' where jid = 'TCDM,104,審簡附民,42,20160104,1'
UPDATE jdata SET sqlid = 'PCDM20160104059' where jid = 'PCDM,105,審交附民移調,4,20160104,1'
UPDATE jdata SET sqlid = 'SLDM20160104046' where jid = 'SLDM,103,審易,1736,20160104,2'
UPDATE jdata SET sqlid = 'PCDM20160104060' where jid = 'PCDM,104,簡附民,392,20160104,1'
UPDATE jdata SET sqlid = 'SLDM20160104047' where jid = 'SLDM,104,審交易,684,20160104,1'
UPDATE jdata SET sqlid = 'SLDM20160104048' where jid = 'SLDM,104,聲,2024,20160104,1'
UPDATE jdata SET sqlid = 'ILDM20160104004' where jid = 'ILDM,104,易,514,20160104,1'
UPDATE jdata SET sqlid = 'PTDM20160104023' where jid = 'PTDM,104,審易,537,20160104,1'
UPDATE jdata SET sqlid = 'PTDM20160104024' where jid = 'PTDM,104,審易,585,20160104,1'
UPDATE jdata SET sqlid = 'TYDM20160104028' where jid = 'TYDM,104,秩抗,3,20160104,1'
UPDATE jdata SET sqlid = 'TYDM20160104029' where jid = 'TYDM,104,矚重訴,13,20160104,1'
UPDATE jdata SET sqlid = 'PCDM20160104061' where jid = 'PCDM,104,聲,5847,20160104,1'
UPDATE jdata SET sqlid = 'TYDM20160104030' where jid = 'TYDM,104,重訴,28,20160104,1'
UPDATE jdata SET sqlid = 'TYDM20160104031' where jid = 'TYDM,105,聲,10,20160104,1'
UPDATE jdata SET sqlid = 'TCDM20160104041' where jid = 'TCDM,105,中交簡,2,20160104,1'
UPDATE jdata SET sqlid = 'TCDM20160104042' where jid = 'TCDM,104,聲,5013,20160104,1'
UPDATE jdata SET sqlid = 'TCDM20160104043' where jid = 'TCDM,104,審交易,2162,20160104,1'
UPDATE jdata SET sqlid = 'TNDM20160104031' where jid = 'TNDM,105,交簡,16,20160104,1'
UPDATE jdata SET sqlid = 'TPDM20160104025' where jid = 'TPDM,104,審易,2948,20160104,1'
UPDATE jdata SET sqlid = 'TPDM20160104026' where jid = 'TPDM,104,審易,2948,20160104,2'
UPDATE jdata SET sqlid = 'TNDM20160104032' where jid = 'TNDM,104,簡,2939,20160104,1'
UPDATE jdata SET sqlid = 'TNHM20160104006' where jid = 'TNHM,104,金上訴,716,20160104,2'
UPDATE jdata SET sqlid = 'HLHM20160104000' where jid = 'HLHM,104,上訴,95,20160104,3'
UPDATE jdata SET sqlid = 'KSHM20160104009' where jid = 'KSHM,104,聲,1677,20160104,1'
UPDATE jdata SET sqlid = 'TNDM20160104033' where jid = 'TNDM,104,易,664,20160104,2'
UPDATE jdata SET sqlid = 'TNDM20160104034' where jid = 'TNDM,104,簡,2580,20160104,1'
UPDATE jdata SET sqlid = 'KSDM20160104065' where jid = 'KSDM,104,審訴,1247,20160104,1'
UPDATE jdata SET sqlid = 'TPHM20160104016' where jid = 'TPHM,104,上易,2613,20160104,1'
UPDATE jdata SET sqlid = 'TNHM20160104007' where jid = 'TNHM,104,上訴,705,20160104,2'
UPDATE jdata SET sqlid = 'KSHM20160104010' where jid = 'KSHM,104,聲,1720,20160104,1'
UPDATE jdata SET sqlid = 'TPHM20160104017' where jid = 'TPHM,104,上訴,2488,20160104,1'
UPDATE jdata SET sqlid = 'TPHM20160104018' where jid = 'TPHM,105,聲,3,20160104,1'
UPDATE jdata SET sqlid = 'KSDM20160104066' where jid = 'KSDM,104,簡,4848,20160104,1'
UPDATE jdata SET sqlid = 'FYEM20160104021' where jid = 'FYEM,105,豐交簡,44,20160104,1'
UPDATE jdata SET sqlid = 'FYEM20160104022' where jid = 'FYEM,105,原豐交簡,2,20160104,1'
UPDATE jdata SET sqlid = 'FYEM20160104023' where jid = 'FYEM,105,豐交簡,33,20160104,1'
SELECT jid from jdata where jid Like '%M,%20160105%' FOR UPDATE
UPDATE jdata SET sqlid = 'CHDM20160105000' where jid = 'CHDM,104,簡上,100,20160105,1'
UPDATE jdata SET sqlid = 'NHEM20160105000' where jid = 'NHEM,105,湖交簡,1,20160105,1'
UPDATE jdata SET sqlid = 'PCDM20160105000' where jid = 'PCDM,104,簡,6617,20160105,1'
UPDATE jdata SET sqlid = 'PCDM20160105001' where jid = 'PCDM,104,簡,6667,20160105,1'
UPDATE jdata SET sqlid = 'PCDM20160105002' where jid = 'PCDM,104,簡,6709,20160105,1'
UPDATE jdata SET sqlid = 'PCDM20160105003' where jid = 'PCDM,104,簡,6737,20160105,1'
UPDATE jdata SET sqlid = 'PCDM20160105004' where jid = 'PCDM,104,簡,6757,20160105,1'
UPDATE jdata SET sqlid = 'PCDM20160105005' where jid = 'PCDM,104,簡,6890,20160105,1'
UPDATE jdata SET sqlid = 'PCDM20160105006' where jid = 'PCDM,104,簡,6891,20160105,1'
UPDATE jdata SET sqlid = 'PCDM20160105007' where jid = 'PCDM,104,簡,6893,20160105,1'
UPDATE jdata SET sqlid = 'PCDM20160105008' where jid = 'PCDM,104,簡,6919,20160105,1'
UPDATE jdata SET sqlid = 'PCDM20160105009' where jid = 'PCDM,105,交簡,9,20160105,1'
UPDATE jdata SET sqlid = 'PCDM20160105010' where jid = 'PCDM,105,簡,13,20160105,1'
UPDATE jdata SET sqlid = 'SDEM20160105000' where jid = 'SDEM,105,沙交簡,30,20160105,1'
UPDATE jdata SET sqlid = 'CPEM20160105000' where jid = 'CPEM,104,原竹北交簡,1004,20160105,1'
UPDATE jdata SET sqlid = 'NTDM20160105000' where jid = 'NTDM,103,醫訴,1,20160105,1'
UPDATE jdata SET sqlid = 'NTDM20160105001' where jid = 'NTDM,104,審原訴,7,20160105,1'
UPDATE jdata SET sqlid = 'NTDM20160105002' where jid = 'NTDM,104,審訴,323,20160105,1'
UPDATE jdata SET sqlid = 'NTDM20160105003' where jid = 'NTDM,104,審訴,326,20160105,1'
UPDATE jdata SET sqlid = 'NTDM20160105004' where jid = 'NTDM,104,易,330,20160105,1'
UPDATE jdata SET sqlid = 'CYDM20160105000' where jid = 'CYDM,105,嘉簡,18,20160105,1'
UPDATE jdata SET sqlid = 'CYDM20160105001' where jid = 'CYDM,105,毒聲,2,20160105,1'
UPDATE jdata SET sqlid = 'KLDM20160105000' where jid = 'KLDM,105,基簡,42,20160105,1'
UPDATE jdata SET sqlid = 'KLDM20160105001' where jid = 'KLDM,105,聲,26,20160105,1'
UPDATE jdata SET sqlid = 'SLDM20160105000' where jid = 'SLDM,104,審交易,763,20160105,1'
UPDATE jdata SET sqlid = 'SLDM20160105001' where jid = 'SLDM,104,審交易,826,20160105,1'
UPDATE jdata SET sqlid = 'SLDM20160105002' where jid = 'SLDM,104,審交易,853,20160105,1'
UPDATE jdata SET sqlid = 'SLDM20160105003' where jid = 'SLDM,104,審交訴,76,20160105,1'
UPDATE jdata SET sqlid = 'SLDM20160105004' where jid = 'SLDM,104,審訴,706,20160105,1'